<?xml version="1.0" encoding="UTF-8"?>
<testng-results ignored="0" total="1" passed="1" failed="0" skipped="0">
  <reporter-output>
  </reporter-output>
  <suite started-at="2022-12-12T07:35:05Z" name="Default suite" finished-at="2022-12-12T07:35:20Z" duration-ms="15215">
    <groups>
    </groups>
    <test started-at="2022-12-12T07:35:05Z" name="Default test" finished-at="2022-12-12T07:35:20Z" duration-ms="15215">
      <class name="SndAutoPag.sndLoginTest">
        <test-method is-config="true" signature="main()[pri:0, instance:SndAutoPag.sndLoginTest@8576fa0]" started-at="2022-12-12T07:35:05Z" name="main" finished-at="2022-12-12T07:35:09Z" duration-ms="3648" status="PASS">
          <reporter-output>
          </reporter-output>
        </test-method> <!-- main -->
        <test-method signature="login()[pri:0, instance:SndAutoPag.sndLoginTest@8576fa0]" started-at="2022-12-12T07:35:09Z" name="login" finished-at="2022-12-12T07:35:20Z" duration-ms="11546" status="PASS">
          <reporter-output>
          </reporter-output>
        </test-method> <!-- login -->
      </class> <!-- SndAutoPag.sndLoginTest -->
    </test> <!-- Default test -->
  </suite> <!-- Default suite -->
</testng-results>
